<?xml version="1.0" encoding="UTF-8"?>
<!-- Generated by org.testng.reporters.JUnitXMLReporter -->
<testsuite ignored="0" hostname="DESKTOP-8GKM1UF" failures="0" tests="2" name="RegressionTest" time="153.873" errors="0" timestamp="2026-06-09T11:13:48 IST">
  <testcase classname="Doctor.Registration" name="DoctorRegistration" time="113.907"/>
  <testcase classname="Admin.LoginToAdminAndApproveNewlyAddedDoctor" name="AdminApproveNewlyAddedDoctorr" time="32.372"/>
</testsuite> <!-- RegressionTest -->
