<?xml version="1.0" encoding="UTF-8"?>
<!-- Generated by org.testng.reporters.JUnitXMLReporter -->
<testsuite ignored="0" hostname="DESKTOP-8GKM1UF" failures="0" tests="4" name="Test" time="251.123" errors="0" timestamp="2026-06-18T10:23:57 IST">
  <testcase classname="Doctor.Registration" name="DoctorRegistrationTest" time="129.204"/>
  <testcase classname="Doctor.Registration" name="LoginToAdminAndApproveNewlyAddedDoctorTest" time="40.821"/>
  <testcase classname="Doctor.Registration" name="rejectedDoctorReSubmitingDocumentsTest" time="59.527"/>
  <testcase classname="Doctor.Registration" name="AdminApprovingDoctorAfterReuploadingDocs" time="21.202"/>
</testsuite> <!-- Test -->
