<?xml version="1.0" encoding="UTF-8"?>
<!-- Generated by org.testng.reporters.JUnitXMLReporter -->
<testsuite ignored="0" hostname="DESKTOP-8GKM1UF" failures="0" tests="4" name="Test" time="293.463" errors="0" timestamp="2026-06-16T17:38:34 IST">
  <testcase classname="Doctor.Registration" name="DoctorRegistrationTest" time="169.667"/>
  <testcase classname="Doctor.Registration" name="LoginToAdminAndApproveNewlyAddedDoctorTest" time="40.608"/>
  <testcase classname="Doctor.Registration" name="rejectedDoctorReSubmitingDocumentsTest" time="61.41"/>
  <testcase classname="Doctor.Registration" name="AdminApprovingDoctorAfterReuploadingDocs" time="21.392"/>
</testsuite> <!-- Test -->
