<?xml version="1.0" encoding="UTF-8"?>
<!-- Generated by org.testng.reporters.JUnitXMLReporter -->
<testsuite ignored="0" hostname="DESKTOP-8GKM1UF" failures="0" tests="3" name="Test" time="157.992" errors="0" timestamp="2026-06-15T13:53:54 IST">
  <testcase classname="Doctor.Registration" name="DoctorRegistrationTest" time="112.225"/>
  <testcase classname="Doctor.Registration" name="LoginToAdminAndApproveNewlyAddedDoctorTest" time="39.921"/>
  <testcase classname="Doctor.Registration" name="ApprovedDoctorLoginTest" time="5.798"/>
</testsuite> <!-- Test -->
