<?xml version="1.0" encoding="UTF-8"?>
<testng-results ignored="0" total="1" passed="1" failed="0" skipped="0">
  <reporter-output>
  </reporter-output>
  <suite started-at="2026-06-17T17:17:13 IST" name="Default suite" finished-at="2026-06-17T17:17:26 IST" duration-ms="13028">
    <groups>
    </groups>
    <test started-at="2026-06-17T17:17:13 IST" name="Default test" finished-at="2026-06-17T17:17:26 IST" duration-ms="13028">
      <class name="Patient.Register">
        <test-method signature="loginToDoctorPannelAndSettingDoctorAvailabilityTest()[pri:0, instance:Patient.Register@2d1ef81a]" started-at="2026-06-17T17:17:13 IST" name="loginToDoctorPannelAndSettingDoctorAvailabilityTest" finished-at="2026-06-17T17:17:26 IST" duration-ms="12992" status="PASS">
          <reporter-output>
          </reporter-output>
        </test-method> <!-- loginToDoctorPannelAndSettingDoctorAvailabilityTest -->
      </class> <!-- Patient.Register -->
    </test> <!-- Default test -->
  </suite> <!-- Default suite -->
</testng-results>
