<?xml version="1.0" encoding="UTF-8"?>
<testng-results ignored="0" total="6" passed="6" failed="0" skipped="0">
  <reporter-output>
  </reporter-output>
  <suite started-at="2026-06-22T12:31:04 IST" name="Default suite" finished-at="2026-06-22T12:36:15 IST" duration-ms="311383">
    <groups>
    </groups>
    <test started-at="2026-06-22T12:31:04 IST" name="Default test" finished-at="2026-06-22T12:36:15 IST" duration-ms="311383">
      <class name="all.Total">
        <test-method signature="DoctorRegistrationTest()[pri:1, instance:all.Total@2d1ef81a]" started-at="2026-06-22T12:31:04 IST" name="DoctorRegistrationTest" finished-at="2026-06-22T12:33:25 IST" duration-ms="141195" status="PASS">
          <reporter-output>
          </reporter-output>
        </test-method> <!-- DoctorRegistrationTest -->
        <test-method signature="LoginToAdminAndApproveNewlyAddedDoctorTest()[pri:2, instance:all.Total@2d1ef81a]" started-at="2026-06-22T12:33:25 IST" name="LoginToAdminAndApproveNewlyAddedDoctorTest" finished-at="2026-06-22T12:34:10 IST" duration-ms="45244" status="PASS">
          <reporter-output>
          </reporter-output>
        </test-method> <!-- LoginToAdminAndApproveNewlyAddedDoctorTest -->
        <test-method signature="rejectedDoctorReSubmitingDocumentsTest()[pri:3, instance:all.Total@2d1ef81a]" started-at="2026-06-22T12:34:10 IST" name="rejectedDoctorReSubmitingDocumentsTest" finished-at="2026-06-22T12:35:13 IST" duration-ms="63153" status="PASS">
          <reporter-output>
          </reporter-output>
        </test-method> <!-- rejectedDoctorReSubmitingDocumentsTest -->
        <test-method signature="AdminApprovingDoctorAfterReuploadingDocs()[pri:4, instance:all.Total@2d1ef81a]" started-at="2026-06-22T12:35:13 IST" name="AdminApprovingDoctorAfterReuploadingDocs" finished-at="2026-06-22T12:35:35 IST" duration-ms="22187" status="PASS">
          <reporter-output>
          </reporter-output>
        </test-method> <!-- AdminApprovingDoctorAfterReuploadingDocs -->
        <test-method signature="loginToDoctorPannelSettingDoctorAvailabilityTest()[pri:5, instance:all.Total@2d1ef81a]" started-at="2026-06-22T12:35:35 IST" name="loginToDoctorPannelSettingDoctorAvailabilityTest" finished-at="2026-06-22T12:35:54 IST" duration-ms="18547" status="PASS">
          <reporter-output>
          </reporter-output>
        </test-method> <!-- loginToDoctorPannelSettingDoctorAvailabilityTest -->
        <test-method signature="PatientRegisteringTest()[pri:6, instance:all.Total@2d1ef81a]" started-at="2026-06-22T12:35:54 IST" name="PatientRegisteringTest" finished-at="2026-06-22T12:36:15 IST" duration-ms="20999" status="PASS">
          <reporter-output>
          </reporter-output>
        </test-method> <!-- PatientRegisteringTest -->
      </class> <!-- all.Total -->
    </test> <!-- Default test -->
  </suite> <!-- Default suite -->
</testng-results>
