<?xml version="1.0" encoding="UTF-8"?>
<!-- Generated by org.testng.reporters.JUnitReportReporter -->
<testsuite hostname="DESKTOP-8GKM1UF" failures="0" tests="6" name="Doctor.Sample" time="277.543" errors="0" timestamp="2026-06-20T11:38:25 IST" skipped="0">
  <testcase classname="Doctor.Sample" name="DoctorRegistrationTest" time="124.712"/>
  <testcase classname="Doctor.Sample" name="LoginToAdminAndApproveNewlyAddedDoctorTest" time="40.911"/>
  <testcase classname="Doctor.Sample" name="rejectedDoctorReSubmitingDocumentsTest" time="58.536"/>
  <testcase classname="Doctor.Sample" name="AdminApprovingDoctorAfterReuploadingDocs" time="21.266"/>
  <testcase classname="Doctor.Sample" name="loginToDoctorPannelSettingDoctorAvailabilityTest" time="19.676"/>
  <testcase classname="Doctor.Sample" name="PatientRegisteringTest" time="12.442"/>
</testsuite> <!-- Doctor.Sample -->
