<?xml version="1.0" encoding="UTF-8"?>
<!-- Generated by org.testng.reporters.JUnitReportReporter -->
<testsuite hostname="DESKTOP-8GKM1UF" failures="0" tests="4" name="Doctor.Registration" time="293.077" errors="0" timestamp="2026-06-16T17:38:34 IST" skipped="0">
  <testcase classname="Doctor.Registration" name="DoctorRegistrationTest" time="169.667"/>
  <testcase classname="Doctor.Registration" name="LoginToAdminAndApproveNewlyAddedDoctorTest" time="40.608"/>
  <testcase classname="Doctor.Registration" name="rejectedDoctorReSubmitingDocumentsTest" time="61.410"/>
  <testcase classname="Doctor.Registration" name="AdminApprovingDoctorAfterReuploadingDocs" time="21.392"/>
</testsuite> <!-- Doctor.Registration -->
