<?xml version="1.0" encoding="UTF-8"?>
<!-- Generated by org.testng.reporters.JUnitReportReporter -->
<testsuite hostname="DESKTOP-8GKM1UF" failures="0" tests="6" name="all.Total" time="334.299" errors="0" timestamp="2026-06-24T10:45:34 IST" skipped="0">
  <testcase classname="all.Total" name="DoctorRegistrationTest" time="141.116"/>
  <testcase classname="all.Total" name="LoginToAdminAndApproveNewlyAddedDoctorTest" time="44.843"/>
  <testcase classname="all.Total" name="rejectedDoctorReSubmitingDocumentsTest" time="63.302"/>
  <testcase classname="all.Total" name="AdminApprovingDoctorAfterReuploadingDocs" time="22.991"/>
  <testcase classname="all.Total" name="loginToDoctorPannelSettingDoctorAvailabilityTest" time="18.973"/>
  <testcase classname="all.Total" name="PatientRegisteringAndBookingSameDoctorTest" time="43.074"/>
</testsuite> <!-- all.Total -->
