<?xml version="1.0" encoding="UTF-8"?>
<!-- Generated by org.testng.reporters.JUnitReportReporter -->
<testsuite hostname="DESKTOP-8GKM1UF" failures="0" tests="5" name="ophc.Sprint_1" time="226.391" errors="0" timestamp="2026-06-20T16:03:35 IST" skipped="0">
  <testcase classname="ophc.Sprint_1" name="DoctorRegistrationTest" time="125.634"/>
  <testcase classname="ophc.Sprint_1" name="LoginToAdminAndApproveNewlyAddedDoctorTest" time="30.403"/>
  <testcase classname="ophc.Sprint_1" name="rejectedDoctorReSubmitingDocumentsTest" time="47.057"/>
  <testcase classname="ophc.Sprint_1" name="AdminApprovingDoctorAfterReuploadingDocs" time="14.420"/>
  <testcase classname="ophc.Sprint_1" name="loginToDoctorPannelTest" time="8.877"/>
</testsuite> <!-- ophc.Sprint_1 -->
