<?xml version="1.0" encoding="UTF-8"?>
<!-- Generated by org.testng.reporters.JUnitReportReporter -->
<testsuite hostname="DESKTOP-8GKM1UF" failures="0" tests="2" name="Doctor.Registration" time="122.231" errors="0" timestamp="2026-06-08T15:31:33 IST" skipped="0">
  <testcase classname="Doctor.Registration" name="DoctorRegistration" time="84.399"/>
  <testcase classname="Doctor.Registration" name="LoginToAdminAndApproveNewlyAddedDoctor" time="37.832"/>
</testsuite> <!-- Doctor.Registration -->
