<?xml version="1.0" encoding="UTF-8"?>
<!-- Generated by org.testng.reporters.JUnitReportReporter -->
<testsuite hostname="DESKTOP-8GKM1UF" failures="0" tests="5" name="ophc.Sprint_1" time="253.219" errors="0" timestamp="2026-06-30T10:24:06 IST" skipped="0">
  <testcase classname="ophc.Sprint_1" name="DoctorRegistrationTest" time="152.108"/>
  <testcase classname="ophc.Sprint_1" name="LoginToAdminAndApproveNewlyAddedDoctorTest" time="31.170"/>
  <testcase classname="ophc.Sprint_1" name="rejectedDoctorReSubmitingDocumentsTest" time="47.176"/>
  <testcase classname="ophc.Sprint_1" name="AdminApprovingDoctorAfterReuploadingDocs" time="14.526"/>
  <testcase classname="ophc.Sprint_1" name="loginToDoctorPannelTest" time="8.239"/>
</testsuite> <!-- ophc.Sprint_1 -->
