<?xml version="1.0" encoding="UTF-8"?>
<!-- Generated by org.testng.reporters.JUnitXMLReporter -->
<testsuite ignored="0" hostname="DESKTOP-8GKM1UF" failures="0" tests="5" name="Test" time="226.637" errors="0" timestamp="2026-06-20T16:03:35 IST">
  <testcase classname="ophc.Sprint_1" name="DoctorRegistrationTest" time="125.634"/>
  <testcase classname="ophc.Sprint_1" name="LoginToAdminAndApproveNewlyAddedDoctorTest" time="30.403"/>
  <testcase classname="ophc.Sprint_1" name="rejectedDoctorReSubmitingDocumentsTest" time="47.057"/>
  <testcase classname="ophc.Sprint_1" name="AdminApprovingDoctorAfterReuploadingDocs" time="14.42"/>
  <testcase classname="ophc.Sprint_1" name="loginToDoctorPannelTest" time="8.877"/>
</testsuite> <!-- Test -->
