<?xml version="1.0" encoding="UTF-8"?>
<!-- Generated by org.testng.reporters.JUnitXMLReporter -->
<testsuite ignored="0" hostname="DESKTOP-8GKM1UF" failures="0" tests="5" name="Test" time="262.67" errors="0" timestamp="2026-06-29T17:27:07 IST">
  <testcase classname="ophc.Sprint_1" name="DoctorRegistrationTest" time="159.226"/>
  <testcase classname="ophc.Sprint_1" name="LoginToAdminAndApproveNewlyAddedDoctorTest" time="31.292"/>
  <testcase classname="ophc.Sprint_1" name="rejectedDoctorReSubmitingDocumentsTest" time="48.552"/>
  <testcase classname="ophc.Sprint_1" name="AdminApprovingDoctorAfterReuploadingDocs" time="14.722"/>
  <testcase classname="ophc.Sprint_1" name="loginToDoctorPannelTest" time="8.416"/>
</testsuite> <!-- Test -->
